[debug] [2022-02-06T04:47:31.276Z] ----------------------------------------------------------------------
[debug] [2022-02-06T04:47:31.278Z] Command:       C:\Program Files\nodejs\node.exe C:\Users\GERMAN\AppData\Roaming\npm\node_modules\firebase-tools\lib\bin\firebase.js init
[debug] [2022-02-06T04:47:31.279Z] CLI Version:   10.1.4
[debug] [2022-02-06T04:47:31.279Z] Platform:      win32
[debug] [2022-02-06T04:47:31.279Z] Node Version:  v16.13.2
[debug] [2022-02-06T04:47:31.280Z] Time:          Sat Feb 05 2022 23:47:31 GMT-0500 (hora estándar de Colombia)
[debug] [2022-02-06T04:47:31.280Z] ----------------------------------------------------------------------
[debug] 
[debug] [2022-02-06T04:47:31.348Z] > command requires scopes: ["email","openid","https://www.googleapis.com/auth/cloudplatformprojects.readonly","https://www.googleapis.com/auth/firebase","https://www.googleapis.com/auth/cloud-platform"]
[debug] [2022-02-06T04:47:31.348Z] > authorizing via signed-in user (german.rodriguezgu@gmail.com)
[info] 
     ######## #### ########  ######## ########     ###     ######  ########
     ##        ##  ##     ## ##       ##     ##  ##   ##  ##       ##
     ######    ##  ########  ######   ########  #########  ######  ######
     ##        ##  ##    ##  ##       ##     ## ##     ##       ## ##
     ##       #### ##     ## ######## ########  ##     ##  ######  ########

You're about to initialize a Firebase project in this directory:

  C:\Users\GERMAN\Desktop\CoderHouse\coder_proyecto

Before we get started, keep in mind:

  * You are initializing within an existing Firebase project directory

